e:\wzr\laborki moje\laborka 3\wzr16z_3a\debug\vc120.pdb
e:\wzr\laborki moje\laborka 3\wzr16z_3a\debug\vc120.idb
e:\wzr\laborki moje\laborka 3\wzr16z_3a\debug\glowny.obj
e:\wzr\laborki moje\laborka 3\wzr16z_3a\debug\grafika.obj
e:\wzr\laborki moje\laborka 3\wzr16z_3a\debug\interakcja.obj
e:\wzr\laborki moje\laborka 3\wzr16z_3a\debug\kwaternion.obj
e:\wzr\laborki moje\laborka 3\wzr16z_3a\debug\obiekty.obj
e:\wzr\laborki moje\laborka 3\wzr16z_3a\debug\siec.obj
e:\wzr\laborki moje\laborka 3\wzr16z_3a\debug\wektor.obj
e:\wzr\laborki moje\laborka 3\wzr16z_3a\debug\gk-opengl.pdb
e:\wzr\laborki moje\laborka 3\wzr16z_3a\debug\wzr_vis.tlog\cl.read.1.tlog
e:\wzr\laborki moje\laborka 3\wzr16z_3a\debug\wzr_vis.tlog\cl.write.1.tlog
e:\wzr\laborki moje\laborka 3\wzr16z_3a\debug\wzr_vis.tlog\cl.command.1.tlog
e:\wzr\laborki moje\laborka 3\wzr16z_3a\debug\wzr_vis.tlog\link.read.1.tlog
e:\wzr\laborki moje\laborka 3\wzr16z_3a\debug\wzr_vis.tlog\link.write.1.tlog
e:\wzr\laborki moje\laborka 3\wzr16z_3a\debug\wzr_vis.tlog\link.command.1.tlog
e:\wzr\laborki moje\laborka 3\wzr16z_3a\debug\wzr_vis.tlog\link.4768-rc.read.1.tlog
e:\wzr\laborki moje\laborka 3\wzr16z_3a\debug\wzr_vis.tlog\link.4768-rc.write.1.tlog
e:\wzr\laborki moje\laborka 3\wzr16z_3a\debug\wzr_vis.tlog\link.4768-cvtres.read.1.tlog
e:\wzr\laborki moje\laborka 3\wzr16z_3a\debug\wzr_vis.tlog\link.4768-cvtres.write.1.tlog
e:\wzr\laborki moje\laborka 3\wzr16z_3a\debug\wzr_vis.tlog\link.4768.read.1.tlog
e:\wzr\laborki moje\laborka 3\wzr16z_3a\debug\wzr_vis.tlog\link.4768.write.1.tlog
